\BOOKMARK [1][-]{section.1}{\376\377\000I\000n\000t\000r\000o\000d\000u\000c\000t\000i\000o\000n}{}% 1
\BOOKMARK [1][-]{section.2}{\376\377\000S\000o\000m\000e\000\040\000d\000e\000t\000a\000i\000l\000s\000\040\000a\000n\000d\000\040\000t\000e\000r\000m\000i\000n\000o\000l\000o\000g\000y}{}% 2
\BOOKMARK [2][-]{subsection.2.1}{\376\377\000N\000a\000m\000i\000n\000g\000\040\000t\000h\000e\000\040\000m\000a\000n\000u\000s\000c\000r\000i\000p\000t}{section.2}% 3
\BOOKMARK [2][-]{subsection.2.2}{\376\377\000N\000a\000m\000i\000n\000g\000\040\000t\000h\000e\000\040\000c\000h\000a\000p\000t\000e\000r\000s}{section.2}% 4
\BOOKMARK [1][-]{section.3}{\376\377\000B\000a\000c\000k\000g\000r\000o\000u\000n\000d}{}% 5
\BOOKMARK [1][-]{section.4}{\376\377\000L\000i\000t\000e\000r\000a\000t\000u\000r\000e\000\040\000R\000e\000v\000i\000e\000w}{}% 6
\BOOKMARK [1][-]{section.5}{\376\377\000W\000h\000o\000\040\000i\000s\000\040\000i\000n\000v\000o\000l\000v\000e\000d}{}% 7
\BOOKMARK [1][-]{section.6}{\376\377\000F\000u\000n\000d\000i\000n\000g}{}% 8
\BOOKMARK [1][-]{section.7}{\376\377\000L\000i\000c\000e\000n\000s\000i\000n\000g}{}% 9
\BOOKMARK [1][-]{section.8}{\376\377\000H\000o\000w\000\040\000t\000o\000\040\000p\000r\000o\000c\000e\000e\000d}{}% 10
\BOOKMARK [1][-]{section.9}{\376\377\000T\000a\000s\000k\000\040\000m\000o\000d\000u\000l\000e\000s}{}% 11
\BOOKMARK [2][-]{subsection.9.1}{\376\377\000P\000h\000y\000s\000i\000c\000a\000l\000l\000y\000\040\000e\000x\000a\000m\000i\000n\000e\000\040\000t\000h\000e\000\040\000m\000a\000n\000u\000s\000c\000r\000i\000p\000t}{section.9}% 12
\BOOKMARK [2][-]{subsection.9.2}{\376\377\000S\000c\000a\000n\000\040\000t\000h\000e\000\040\000m\000a\000n\000u\000s\000c\000r\000i\000p\000t}{section.9}% 13
\BOOKMARK [2][-]{subsection.9.3}{\376\377\000E\000n\000g\000a\000g\000e\000\040\000a\000n\000\040\000e\000p\000i\000g\000r\000a\000p\000h\000i\000c\000\040\000e\000x\000p\000e\000r\000t\000\040\000t\000o\000\040\000a\000s\000s\000e\000s\000s\000\040\000t\000h\000e\000\040\000s\000c\000r\000i\000p\000t}{section.9}% 14
\BOOKMARK [2][-]{subsection.9.4}{\376\377\000C\000a\000r\000b\000o\000n\000\040\000d\000a\000t\000e\000\040\000t\000h\000e\000\040\000m\000a\000n\000u\000s\000c\000r\000i\000p\000t}{section.9}% 15
\BOOKMARK [2][-]{subsection.9.5}{\376\377\000H\000a\000v\000e\000\040\000t\000h\000e\000\040\000m\000a\000n\000u\000s\000c\000r\000i\000p\000t\000\040\000t\000y\000p\000e\000d\000\040\000a\000n\000d\000\040\000p\000r\000o\000o\000f\000r\000e\000a\000d}{section.9}% 16
\BOOKMARK [2][-]{subsection.9.6}{\376\377\000P\000u\000b\000l\000i\000s\000h\000\040\000d\000i\000g\000i\000t\000a\000l\000l\000y\000\040\000a\000n\000d\000\040\000i\000n\000\040\000p\000r\000i\000n\000t}{section.9}% 17
\BOOKMARK [2][-]{subsection.9.7}{\376\377\000A\000c\000a\000d\000e\000m\000i\000c\000\040\000d\000o\000c\000u\000m\000e\000n\000t\000a\000t\000i\000o\000n}{section.9}% 18
\BOOKMARK [2][-]{subsection.9.8}{\376\377\000P\000u\000b\000l\000i\000c\000i\000t\000y\000\040\000a\000n\000d\000\040\000p\000o\000p\000u\000l\000a\000r\000\040\000a\000w\000a\000r\000e\000n\000e\000s\000s}{section.9}% 19
\BOOKMARK [1][-]{section.10}{\376\377\000F\000l\000o\000w\000\040\000f\000o\000r\000\040\000c\000o\000m\000p\000l\000e\000t\000i\000n\000g\000\040\000e\000a\000c\000h\000\040\000m\000o\000d\000u\000l\000e}{}% 20
\BOOKMARK [1][-]{section.11}{\376\377\000D\000i\000g\000i\000t\000a\000l\000\040\000S\000t\000r\000a\000t\000e\000g\000y}{}% 21
\BOOKMARK [2][-]{subsection.11.1}{\376\377\000U\000s\000e\000\040\000G\000i\000t\000h\000u\000b\000\040\000f\000o\000r\000\040\000a\000l\000l\000\040\000a\000s\000s\000e\000t\000s}{section.11}% 22
\BOOKMARK [2][-]{subsection.11.2}{\376\377\000S\000e\000g\000m\000e\000n\000t\000i\000n\000g\000\040\000t\000h\000e\000\040\000t\000e\000x\000t}{section.11}% 23
\BOOKMARK [2][-]{subsection.11.3}{\376\377\000T\000e\000x\000t\000\040\000i\000n\000p\000u\000t}{section.11}% 24
\BOOKMARK [1][-]{section.12}{\376\377\000B\000e\000y\000o\000n\000d\000\040\000t\000h\000i\000s\000\040\000p\000r\000o\000j\000e\000c\000t}{}% 25
\BOOKMARK [1][-]{section.13}{\376\377\000B\000i\000b\000l\000i\000o\000g\000r\000a\000p\000h\000y}{}% 26
